[debug] [2025-11-30T20:42:23.155Z] ----------------------------------------------------------------------
[debug] [2025-11-30T20:42:23.157Z] Command:       C:\Program Files\nodejs\node.exe C:\Users\lgavi\AppData\Roaming\npm\node_modules\firebase-tools\lib\bin\firebase.js init
[debug] [2025-11-30T20:42:23.157Z] CLI Version:   14.26.0
[debug] [2025-11-30T20:42:23.158Z] Platform:      win32
[debug] [2025-11-30T20:42:23.158Z] Node Version:  v24.11.1
[debug] [2025-11-30T20:42:23.158Z] Time:          Sun Nov 30 2025 20:42:23 GMT+0000 (Greenwich Mean Time)
[debug] [2025-11-30T20:42:23.158Z] ----------------------------------------------------------------------
[debug] 
[info] 
     ######## #### ########  ######## ########     ###     ######  ########
     ##        ##  ##     ## ##       ##     ##  ##   ##  ##       ##
     ######    ##  ########  ######   ########  #########  ######  ######
     ##        ##  ##    ##  ##       ##     ## ##     ##       ## ##
     ##       #### ##     ## ######## ########  ##     ##  ######  ########

You're about to initialize a Firebase project in this directory:

  C:\Users\lgavi\Documents\website leo 2025

[info] 
=== Project Setup
[info] 
[info] First, let's associate this project directory with a Firebase project.
[info] You can create multiple project aliases by running firebase use --add, 
[info] 
[debug] [2025-11-30T20:49:08.887Z] > command requires scopes: ["email","openid","https://www.googleapis.com/auth/cloudplatformprojects.readonly","https://www.googleapis.com/auth/firebase","https://www.googleapis.com/auth/cloud-platform"]
[debug] [2025-11-30T20:49:08.887Z] > authorizing via signed-in user (leonardogavioli2@gmail.com)
[debug] [2025-11-30T20:49:08.888Z] Checked if tokens are valid: true, expires at: 1764537526796
[debug] [2025-11-30T20:49:08.888Z] Checked if tokens are valid: true, expires at: 1764537526796
[debug] [2025-11-30T20:49:08.889Z] >>> [apiv2][query] GET https://firebase.googleapis.com/v1beta1/projects pageSize=100
[debug] [2025-11-30T20:49:09.330Z] <<< [apiv2][status] GET https://firebase.googleapis.com/v1beta1/projects 200
[debug] [2025-11-30T20:49:09.330Z] <<< [apiv2][body] GET https://firebase.googleapis.com/v1beta1/projects [omitted]
[debug] [2025-11-30T20:52:30.773Z] ----------------------------------------------------------------------
[debug] [2025-11-30T20:52:30.783Z] Command:       C:\Program Files\nodejs\node.exe C:\Users\lgavi\AppData\Roaming\npm\node_modules\firebase-tools\lib\bin\firebase.js init
[debug] [2025-11-30T20:52:30.784Z] CLI Version:   14.26.0
[debug] [2025-11-30T20:52:30.784Z] Platform:      win32
[debug] [2025-11-30T20:52:30.784Z] Node Version:  v24.11.1
[debug] [2025-11-30T20:52:30.784Z] Time:          Sun Nov 30 2025 20:52:30 GMT+0000 (Greenwich Mean Time)
[debug] [2025-11-30T20:52:30.784Z] ----------------------------------------------------------------------
[debug] 
[info] 
     ######## #### ########  ######## ########     ###     ######  ########
     ##        ##  ##     ## ##       ##     ##  ##   ##  ##       ##
     ######    ##  ########  ######   ########  #########  ######  ######
     ##        ##  ##    ##  ##       ##     ## ##     ##       ## ##
     ##       #### ##     ## ######## ########  ##     ##  ######  ########

You're about to initialize a Firebase project in this directory:

  C:\Users\lgavi\Documents\website leo 2025

[info] 
=== Project Setup
[info] 
[info] First, let's associate this project directory with a Firebase project.
[info] You can create multiple project aliases by running firebase use --add, 
[info] 
[debug] [2025-11-30T20:52:46.180Z] > command requires scopes: ["email","openid","https://www.googleapis.com/auth/cloudplatformprojects.readonly","https://www.googleapis.com/auth/firebase","https://www.googleapis.com/auth/cloud-platform"]
[debug] [2025-11-30T20:52:46.181Z] > authorizing via signed-in user (leonardogavioli2@gmail.com)
[debug] [2025-11-30T20:52:46.182Z] Checked if tokens are valid: true, expires at: 1764537526796
[debug] [2025-11-30T20:52:46.182Z] Checked if tokens are valid: true, expires at: 1764537526796
[debug] [2025-11-30T20:52:46.183Z] >>> [apiv2][query] GET https://firebase.googleapis.com/v1beta1/projects pageSize=100
[debug] [2025-11-30T20:52:46.633Z] <<< [apiv2][status] GET https://firebase.googleapis.com/v1beta1/projects 200
[debug] [2025-11-30T20:52:46.633Z] <<< [apiv2][body] GET https://firebase.googleapis.com/v1beta1/projects [omitted]
[info] 
=== Hosting Setup
[debug] [2025-11-30T20:52:49.746Z] Checked if tokens are valid: true, expires at: 1764537526796
[debug] [2025-11-30T20:52:49.746Z] Checked if tokens are valid: true, expires at: 1764537526796
[debug] [2025-11-30T20:52:49.746Z] >>> [apiv2][query] GET https://firebase.googleapis.com/v1beta1/projects/website2025-e04ef [none]
[debug] [2025-11-30T20:52:49.976Z] <<< [apiv2][status] GET https://firebase.googleapis.com/v1beta1/projects/website2025-e04ef 200
[debug] [2025-11-30T20:52:49.976Z] <<< [apiv2][body] GET https://firebase.googleapis.com/v1beta1/projects/website2025-e04ef {"projectId":"website2025-e04ef","projectNumber":"418491156936","displayName":"website2025","name":"projects/website2025-e04ef","resources":{"hostingSite":"website2025-e04ef"},"state":"ACTIVE","etag":"1_f8e0451e-a2ce-4f39-be18-9ad895218661"}
[info] 
[info] Your public directory is the folder (relative to your project directory) that
[info] will contain Hosting assets to be uploaded with firebase deploy. If you
[info] have a build process for your assets, use your build's output directory.
[info] 
[info] 
[info] i  Didn't detect a .git folder. Assuming C:\Users\lgavi\Documents\website leo 2025 is the project root. 
[info] i  Authorizing with GitHub to upload your service account to a GitHub repository's secrets store. 
[info] 
[info] Visit this URL on this device to log in:
[info] https://github.com/login/oauth/authorize?client_id=89cf50f02ac6aaed3484&state=781642030&redirect_uri=http%3A%2F%2Flocalhost%3A9005&scope=read%3Auser%20repo%20public_repo
[info] 
[info] Waiting for authentication...
[debug] [2025-11-30T20:57:53.426Z] >>> [apiv2][query] POST https://github.com/login/oauth/access_token [none]
[debug] [2025-11-30T20:57:53.427Z] >>> [apiv2][body] POST https://github.com/login/oauth/access_token [stream]
[debug] [2025-11-30T20:57:53.634Z] <<< [apiv2][status] POST https://github.com/login/oauth/access_token 200
[debug] [2025-11-30T20:57:53.634Z] <<< [apiv2][body] POST https://github.com/login/oauth/access_token {"access_token":"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","token_type":"bearer","scope":"read:user,repo"}
[debug] [2025-11-30T20:57:53.637Z] >>> [apiv2][query] GET https://api.github.com/user [none]
[debug] [2025-11-30T20:57:53.978Z] <<< [apiv2][status] GET https://api.github.com/user 200
[debug] [2025-11-30T20:57:53.978Z] <<< [apiv2][body] GET https://api.github.com/user {"login":"leonardogavioli2-ops","id":247042923,"node_id":"U_kgDODrmTaw","avatar_url":"https://avatars.githubusercontent.com/u/247042923?v=4","gravatar_id":"","url":"https://api.github.com/users/leonardogavioli2-ops","html_url":"https://github.com/leonardogavioli2-ops","followers_url":"https://api.github.com/users/leonardogavioli2-ops/followers","following_url":"https://api.github.com/users/leonardogavioli2-ops/following{/other_user}","gists_url":"https://api.github.com/users/leonardogavioli2-ops/gists{/gist_id}","starred_url":"https://api.github.com/users/leonardogavioli2-ops/starred{/owner}{/repo}","subscriptions_url":"https://api.github.com/users/leonardogavioli2-ops/subscriptions","organizations_url":"https://api.github.com/users/leonardogavioli2-ops/orgs","repos_url":"https://api.github.com/users/leonardogavioli2-ops/repos","events_url":"https://api.github.com/users/leonardogavioli2-ops/events{/privacy}","received_events_url":"https://api.github.com/users/leonardogavioli2-ops/received_events","type":"User","user_view_type":"private","site_admin":false,"name":null,"company":null,"blog":"","location":null,"email":null,"hireable":null,"bio":null,"twitter_username":null,"notification_email":null,"public_repos":0,"public_gists":0,"followers":0,"following":0,"created_at":"2025-11-30T20:57:41Z","updated_at":"2025-11-30T20:57:41Z","private_gists":0,"total_private_repos":0,"owned_private_repos":0,"disk_usage":0,"collaborators":0,"two_factor_authentication":false,"plan":{"name":"free","space":976562499,"collaborators":0,"private_repos":10000}}
[info] 
[info] +  Success! Logged into GitHub as leonardogavioli2-ops 
[info] 
[debug] [2025-11-30T21:13:06.303Z] >>> [apiv2][query] GET https://api.github.com/repos//actions/secrets/public-key type=owner
[debug] [2025-11-30T21:13:06.418Z] <<< [apiv2][status] GET https://api.github.com/repos//actions/secrets/public-key 404
[debug] [2025-11-30T21:13:06.418Z] <<< [apiv2][body] GET https://api.github.com/repos//actions/secrets/public-key {"message":"Not Found","documentation_url":"https://docs.github.com/rest","status":"404"}
[info] 
[info] 
[error] !  The provided authorization cannot be used with this repository. If this repository is in an organization, did you remember to grant access? 
[info] 
[info] i  Action required: Visit this URL to ensure access has been granted to the appropriate organization(s) for the Firebase CLI GitHub OAuth App: 
[info] https://github.com/settings/connections/applications/89cf50f02ac6aaed3484
[info] 
